2022-04-04T14:00:31.072+0900    WARN    user/handler.go:17      Code: database_error, Msg: failed to get user
trial-go-stacktrace/services/user.GetHandler.func1
        /Users/yuichi_kadota/go/src/github.com/Yuichi-Kadota/trial-go-stacktrace-log/services/user/handler.go:17
github.com/gin-gonic/gin.(*Context).Next
        /Users/yuichi_kadota/go/pkg/mod/github.com/gin-gonic/gin@v1.7.7/context.go:168
github.com/gin-gonic/gin.CustomRecoveryWithWriter.func1
        /Users/yuichi_kadota/go/pkg/mod/github.com/gin-gonic/gin@v1.7.7/recovery.go:99
github.com/gin-gonic/gin.(*Context).Next
        /Users/yuichi_kadota/go/pkg/mod/github.com/gin-gonic/gin@v1.7.7/context.go:168
github.com/gin-gonic/gin.LoggerWithConfig.func1
        /Users/yuichi_kadota/go/pkg/mod/github.com/gin-gonic/gin@v1.7.7/logger.go:241
github.com/gin-gonic/gin.(*Context).Next
        /Users/yuichi_kadota/go/pkg/mod/github.com/gin-gonic/gin@v1.7.7/context.go:168
github.com/gin-gonic/gin.(*Engine).handleHTTPRequest
        /Users/yuichi_kadota/go/pkg/mod/github.com/gin-gonic/gin@v1.7.7/gin.go:555
github.com/gin-gonic/gin.(*Engine).ServeHTTP
        /Users/yuichi_kadota/go/pkg/mod/github.com/gin-gonic/gin@v1.7.7/gin.go:511
net/http.serverHandler.ServeHTTP
        /usr/local/Cellar/go/1.17/libexec/src/net/http/server.go:2878
net/http.(*conn).serve
        /usr/local/Cellar/go/1.17/libexec/src/net/http/server.go:1929